DDIf6io397IfG9ll0pcNBDgyjhnYtczmr+jXfkMy0LTHygkEXNfuRebHqxSQIQqey7bXTi9UCOwhrvlZYWV+tfkr7CSTlgCcge1vYpxsNt8tZjubTVJ3QRNmswU=
iJhvvM/DHlABR/xdrqOoeo7/dUhww97hMx4Z0rj1XGu28A9iZW3Mc8xl3ZnhTDMB/VXpNHZXrXz+FJ6ExTnljAEPUp/7PpeCiuuhQ0qXMUusDWmzDA==
P+jecUKCqncKJ1Qqe8o5MCrcHjbWzylklQQfInp6h2IxZwzrtyS5v1NSJybecJb1W1y4l8QfLl4Zi5vcwrj2x/jKp/OGMa8SUprDTR/3l8jWi8na1c4vpJT56dxg1dY7HJIPHKhCZe9PJDD2zhF5FCtNsfj/P1dEsyM=
gwLk4SbL3CvjLDL2uFRRb1bcmbtDUR2xvHDpBlVCfxnee85h54gWaBHpr2EzdKzj/5RcsGQUf71nBJN7yD+hysXKSK+bkzCzEyO+OXOzFg==
1AivE1jD2jkfu6UVHRLPBquVjVqhhHZ3o4u/DGQCX93+tGklMB15jyGCS3HCS8J50+nCUF05Ewmn9DgLQ8SQiDD0S6VrNI+T/H9VYlk6xDdvM2RLX3NCEWezAg==
8bMFyuMW/pQKMFQ/f3Fi56uVjVqhhHZ3o4u/DGQCX93+pWErNhJ43SGCS3HCS8J50+rCUF05Ewmn9DgLQ8SQiDD0S6VrNI+T/H9VYlk6xDdvM2RLX3NCEWezAg==
RVkpOH04Fq1kEgsaHwVoYVtE/hlvQivDhjy35yklr6Nmx2cE7TCogphvWVBbxOD/kvWpgE0Jbnd/5WNGEs7raQ/zn9zz34KehWqHMBRtQXgwkZ5vPIYHGLhmTbsPcJhSXpXxgIsZ+byvG39Qszc=
bgLW47KQabmZ+9cqYegw0QNueDdcKzFoSejc70sTPef8tqYTb+GLclJ6A+2fl1co1KuKelUu74SU2Sk84HWWGxxyz3wo4qUPT0RwVk7xOXQrbXFYf18XZLMD
FOzXHWh6hGWc6a7Er8Nd24OzQ04b4jfoS94FYevCbY3F2dZGJx86trezjJ0YRCznn2gypN+vx0HzQkUlBgj9yFv+1CcVXtiDkhEsnOMu4CTxVe/a7NTWZ13e+6M9apd5Y16zPQ==
86ZHAYjGYYKcN531qcxtDDt1w80jilAjTD85bEns1PtEDVtRmZmOxz+1Q7YSvsu5z0P/THZPIu7FumcAFF2hqHDhPv+8FmeoeLZtyw+AuAIeJREQC4lZTG9LH2CzBw==
xEDfst0uZD+kbq3liT0H+3P200bs8yIWO534jj85Py62mN47tnlDIqnVmKN4DQE/kOSncUnNZbT6zxmMarxiJJnRUdzVtx5fN0ZDUv7DfSN2fyV7WBVlswA=
peuWV1yC9IIh3WzhZqUSCAP23llODtCpt3BbHsgLevrS8pNV/0/nYBNk+qJ1Vv+MlNE5RMCt5tPcOn+kSFo1h8/M4O6uqYm8ayWBAF+nB2yzCw==
n99w3ANFaXkPh+JoaFtTWFWZQgNhuL9uNoG378L5HNqZi5i3BSMhbLb2vv3MM7RNuQLT4VrrKqmbrQ1gNRnrOd/0wDs75Hi4eDSD9QOUFwNk/83ywdpsZyfzrDt3k3phX7M6
Vn6EvahDpCRHGedhWMfah5eiRRFasmKqS4xOIveJNM+exNBLeUB/+qX/joELAWfnn2gypN+vx0HzQkUiBgj9yFv+1CcVXtiDkhEsnOMu4CTxVe/a7NTWZ13e+6M9apd5Y16zPQ==
05CDYWDrdf7VgnTvaZn1RLBBKhXMREDrpSMh2A0Ray0r+1ITVWvbhlKUiXMFbWDWYMmvMyHD3ZFfcg0LVl8EGmsIKkE2RRYKpR2n4g1dxJN0FUVdEl1rYXWFATQeByWcJgTmxF3JXewJP7ofU06fonJbOQNyh+nrJF1BsyQ=
sIVq/oWvHaY8U9COJYpiTHFf/XuPewNXWWjRJ0CqPYuu+BzalNbWsg5nGQoUkcyhpILHaf3CF6kmW8ZxP8+omZmJd7FbdESzp3TUwNzUJ61vJOvLIL8JOv2qQL/D08gDm4NmaVuzPg==
Vv1uWWsZWJ9lgYaBtb2G1gNueDdcKzFgS/7Ou0YaI7X8sO9HIbT5clJ6A+2fl1co2KqLelUu74SU2Sk84HWWGxxyz3wo4qUPT0RwVk7xOXQrbXFYf18XZLMD
14PxeZScQD+ylT09jbNlYnqhmxu+mWwUN5r5kho5KCTi25tv8x1DIqnVmKN4DQE4leqncUnNZbT6zxmMarxiJJnRUdzVtx5fN0ZDUv7DfSN2fyV7WBVlswA=
b4cTHIey4JaZPNfzriOo4UdhgoRyOTaLWhH34t39tNNkNRXZobJbIeUl8TRup7VcFmRWRI3pTSz5n+ofg64v4mK76YMCpxkrtD1xsxQ=
o7IVb03ELkzq6DOh9iOFiCdN3agVYUcvz8CyDI9n50njagKImIBdAAvW1A9FlngLArlstPMmwOyh/W9yvBz2b032uwut4jexM3azFQ==
CTs4P73CDdFm0JDoOBnilkVhgpVwLzKLWhH34t39tNNkNRXbobJbIeUl8TRup7VcFmRWRI3pTSz5n+ofg64v4mK76YMCpxkrtD1xsxQ=
FVFVdeu+CTvA9LsDQMv0xidN274JfEcvz8CyDI9n50njagSImIBdAAvW1A9FlngLArlstPMmwOyh/W9yvBz2b032uwut4jexM3azFQ==
jfDrAyn68r8rESK/9krsrydN2qgbeUcvz8CyDI9n50njagWImIBdAAvW1A9FlngLArlstPMmwOyh/W9yvBz2b032uwut4jexM3azFQ==
AEpuhoVVc4TzsVXaOwcReS7fofj358s/ZdnVOoJ5B3aNRwIcHTbc+u/xk1JfQh3kQPEfYnUN/LN8BW0ZeiPjwa11GTQGd308rvQOBHXZVcwx70Kf6x7nwnpL0cPaN2GLfG1Zszw=
wTN3WIcXLQu8u9sTg0Wxmfjr5tLTRPLr3q1mErVHH1QZhPiogRBKd3Cx4+PH2WvJ0VCdAQLF2KvHqB4qBlkS/Zfl1zqAXUZDXKofFIgKFXfPvMA+7hlpLOu1IXCfd2dcszs=
Zt+5IVxKbc9AudyVKSjLXfjr5tLTRPLr3q1mErVHH1QZhPiogRBKd3Cx4+PH2WvJ0VCdAQLF2KvHqB4qBlkS/Zfl1zqAXUZDXKofFIgKFX7KvMA87hlpLOu1IXCfd2dcszs=
CI6oC2v8b2V6cdbOoRjUnbwlOicGazQUM98DRsG9zF4xdvp6QJD+2h3oPRFH2/cfTX02zFYIOx2EUFew5LLWA7ZjeeZy
