1jcEgb+hxIsIMcPZNx3bpjgyjhnYtczmr+jXfkMy0LTHygkEXNfuRebHqxSQIQqey7bXTi9UCOwhrvlZYWV+tfkr7CSTlgCcgeVoYpxsNt8tZjubTVJ3QRNmswU=
ePjgRQ3pUnR9kD2ir3DuJY7/dUhww97hMx4Z0rj1XGu28A9iZW3Mc8xl3ZnhTDMB/VXpNHZXrXz+FJ6ExTnljAEPWpj7PpeCiuuhQ0qXMUusDWmzDA==
OwDvEMtihhUSLxS2OBLfAircHjbWzylklQQfInp6h2IxZwzrtyS5v1NSJybecJb1W1y4l8QfLl4Zi5vcwrj2x/jKp/OGMa8SUprDTR/3l8jWi8na1c4vpJT56dxg1dY7HJIPHKhCZedIJDD2zhF5FCtNsfj/P1dEsyM=
L9HbMiuSwwOu2nlmV6yinlbcmbtDUR2xvHDpBlVCfxnee85h54gWaBHpr2EzdKzj/5RcsGQUf71nBJN7wDihysXKSK+bkzCzEyO+OXOzFg==
mnwWoW0FrQCitUXhkavvNauVjVqhhHZ3o4u/DGQCX93+tGklMB15jyGCS3HCS8J50+nCUF05Ewmn9DgLQ8SQiDD0S6VrNI+T9HhVYlk6xDdvM2RLX3NCEWezAg==
bFKRkH9iUoiG7kHNmdupgquVjVqhhHZ3o4u/DGQCX93+pWErNhJ43SGCS3HCS8J50+rCUF05Ewmn9DgLQ8SQiDD0S6VrNI+T9HhVYlk6xDdvM2RLX3NCEWezAg==
QQty+JFkg1Rw8Iq+T/MBhltE/hlvQivDhjy35yklr6Nmx2cE7TCogphvWVBbxOD/kvWpgE0Jbnd/5WNGEs7raQ/zn9zz34KehWqHMBRtQXgwkZ5vPIYHGLhmTbMIcJhSXpXxgIsZ+byvG39Qszc=
B4Fy0KebHeZncJZpyRlQegNueDdcKzFoSejc70sTPef8tqYTb+GLclJ6A+2fl1co1KuKelUu74SU2Sk84HWWGxxyz3wo4qUHSERwVk7xOXQrbXFYf18XZLMD
4kCx1C3lKuUC775t+vNHyoOzQ04b4jfoS94FYevCbY3F2dZGJx86trezjJ0YRCznn2gypN+vx0HzQkUlBgj9yFv+1CcVXtiDkhEsnOMu4CTxXeja7NTWZ13e+6M9apd5Y16zPQ==
KFC4/pHPUSEXTthWQAdfvzt1w80jilAjTD85bEns1PtEDVtRmZmOxz+1Q7YSvsu5z0P/THZPIu7FumcAFF2hqHDhPv+8FmeoeLZtwwiAuAIeJREQC4lZTG9LH2CzBw==
svlhX7A8Lc60qKiaoKIX/HP200bs8yIWO534jj85Py62mN47tnlDIqnVmKN4DQE/kOSncUnNZbT6zxmMarxiJJnRUdzVtxZYN0ZDUv7DfSN2fyV7WBVlswA=
eOyD78RhmMHVGj/7RDalMQP23llODtCpt3BbHsgLevrS8pNV/0/nYBNk+qJ1Vv+MlNE5RMCt5tPcOn+kSFo1j8jM4O6uqYm8ayWBAF+nB2yzCw==
bwieWjFmumo1ldqHxxWZ6ZeiRRFasmKqS4xOIveJNM+exNBLeUB/+qb/joELAWfnn2gypN+vx0HzQkUiBgj9yFv+1CcVXtiDkhEsnOMu4CTxXeja7NTWZ13e+6M9apd5Y16zPQ==
31+BAah7QQbxYEqLQa6aZLBBKhXMREDrpSMh2A0Ray0r+1ITVWvbhlKUiXMFbWDWYMmvMyHD3ZFfcg0LVl8EGmsIKkE2RRYKpR2n4g1dxJN0FUVdEl1rYXWFATQeByWcJgTmxF3JXewJP7IYU06fonJbOQNyh+nrJF1BsyQ=
H6QYurfIZqRuXfscyWDnEnFf/XuPewNXWWjRJ0CqPYuu+BzalNbWsg5nGQoUkcyhpILHaf3CF6kmW8ZxP8+omZmJd7FbdESzp3TUwNzUJ61vJOvLKLgJOv2qQL/D08gDm4NmaVuzPg==
pOwOAjg2bvDsR3r8lgOFGB4mfgrFjynDwzvPr404pQ+cSgHjusjowpjW2qr6Vw1iKHEQidDSE5ExglsR8otyGWNvVDEN+cMp1/TIKxOEQGigdPtF23S/c+R4RUKperSXn7P064+zEnFXszI=
RZIhZdsEiDDJWmy0bA6+Eaar9ZeymPuaETLrmNHY9F7V1QJeJXcMq4DZlh1kPwtGKPGJ39+thsBj4LIsT8dnqSMKB2vX4N2gS/bULwU2+GtCWWzUM8ZATGHVaFJ8vHaPjZa76+2CtxFzVrM1
cVH3gJViJtnWhwJ56ZNynLgBxZ4iaXNXz29lW2kDa6ATYwr6l28MUG5OHlZcJnzPu+6+wYblZkr1PZfi/b0UU8R1Nd+C/buhhWURNA5nVdx2pHZErSntrFlfwhhjbk9igvuJg+LnuasUfVGzNA==
1P2BCFR1J0IAgQOprfZuhQNueDdcKzFgS/7Ou0YaI7X8sO9HIbT5clJ6A+2fl1co2KqLelUu74SU2Sk84HWWGxxyz3wo4qUHSERwVk7xOXQrbXFYf18XZLMD
7g9hs98ny/G9EFrcNO1qdHqhmxu+mWwUN5r5kho5KCTi25tv8x1DIqnVmKN4DQE4leqncUnNZbT6zxmMarxiJJnRUdzVtxZYN0ZDUv7DfSN2fyV7WBVlswA=
jJtBKXpfTgYpLYKEbZY7x0dhgoRyOTaLWhH34t39tNNkNRXZobJbIeUl8TRup7VcFmRWRI3pTSz5n+IYg64v4mK76YMCpxkrtD1xsxQ=
8CYYJQj7v1fr3/9QtCQNsCdN3agVYUcvz8CyDI9n50njagKImIBdAAvW1A9FlngLArlstPMmwOyh9WhyvBz2b032uwut4jexM3azFQ==
LecfGQ3wzKJZSdHExcDdh0VhgpVwLzKLWhH34t39tNNkNRXbobJbIeUl8TRup7VcFmRWRI3pTSz5n+IYg64v4mK76YMCpxkrtD1xsxQ=
mrC1dwvwZGP0TRO8T1OhQydN274JfEcvz8CyDI9n50njagSImIBdAAvW1A9FlngLArlstPMmwOyh9WhyvBz2b032uwut4jexM3azFQ==
v/Q/xAr6y+okcIGO0bwzxydN2qgbeUcvz8CyDI9n50njagWImIBdAAvW1A9FlngLArlstPMmwOyh9WhyvBz2b032uwut4jexM3azFQ==
9oNaG7x6fycac9dPLch+pCR0isQ+hVcmQXZ3YFf8gKlWAFsCytzcgHDnE7YSvsu5z0P/THJILe7FumcAFF2hqHDhPv+8FmeoeLZtyA+AuAIeJREQC4lZTG9LH2CzBw==
/1XYhjdfYrM/GSiOTsg11NB6Ei4clzTNIjUzUbr8QyavqwLrm1gKbRnOq4yO5RNidyRSEe5F2AJSiiOd30f3uFg8ZSoVHg+0lOnJDKAldouc4m+saJKF/E80UKaOoZnkq/0RiL9vd1SzMw==
9Md00ZmlRJ7/++GHmnFUomh0k9Ui5K+E/boqLCINSE0W+2ZujZyL2s0j9bw7J76z+AJzT1idlMb0iOSf2fy+sa3sZMSWT2D0yWKF7q6jAR1WHZdWMzN1U5Z3VVV8/lewGI69II/o6Dr+PSF4SyGp1M8zT0izLw==
9Md00ZmlRJ7/++GHmnFUomh0k9Ui5K+E/boqLCINSE0W+2ZujZyL2s0j9bw7J76z+AJzT1idlMb0iOSf2fy+sa3sZMSWT2D0yWKF7q6jAR1WHZdWMzN1U5Z3VVV8/lewGI69II/o6Dr+PSF4SyGp1M8zT0izLw==
PtPC1GiWSDuutvqrsTQDjkcz+aMeV6UY1a7NueLjzQs7Dyau5q+ofjYkGXqnGX8PHuuQ5jgHKYXppI18o0JUo53SSBcKjYz4S8JQUEmtL56kGAYzBQIbh1VGZ00bYrM5
9nXx0eZY0xRxljGxLc0lNoxOxz0EiXoD8KQgDXaB+JLfSEQAG5S7heMxiu+ClGwUZ8a5UTAbC+HVReE0fkeFHMbExsQ9ib1sqX/eH3OOfyLSGxkDkkdJa0QdYbME
kzwTszwI2ToZpYEwTC+QLd/4242Yog+Y1FQMv6lj2N23iAxpRuYQl1yK33QIqlWQz9wAnm75KQzr1eHQH5cnfLMb
EnGolCiSA+yhgnYDjOXZPnlb8XOKT1BNV1WeN1rjXon9wiD0pcPFog0iXxUC0oahrJbMSpCbR48SdtwIOZ/0x8WJbqAWaQK3pDLa297UJ61vJOvLJ78JOv2qQL/D08gDm4NmaVuzPg==
lwarm6duUVVz7dB1Gc4FLbHP34SXyalMari1zolv755jAv+qJNzV76bqW7HgrckhZ+lhceyF7vsOtkgbu+oOTQbZ+usQfiV7J1oIZwAzUVtc/FWr0yQdhNInNn5BbGFiNyvHBR8PEwyQKS7H/G734Fi+nRWP2MgKPu2B6MuxSQQPw6+4s98=
OZIweNmwrb9eGa23r+o8jh5hpJUnE6jvXt87ajVlP4YeKiey9ikh7+/oJFluRv0NpHTbBTv037MKf2WCCfoUV/+zFKvvM7Ixd7MS
UgYIK0lkhcnUzxwkbikQajfV4vL36NM2V8nVOpp5U2epHx8aHX/Ntemwg0BOVRSlRuRRb28l1JRBTSVcOzqu3ahyWBdPYmB6teI6BHXZVcwx70Sf6x7nwnpL0cPaN2GLfG1Zszw=
cr4Ub+F3qxlAxSa+TJoCSfaEJ1eNrSoBhh6IHc/VDwesVF1eWt65kPkuSkoYFZvhkQm2gJ9cU/lIlmdcdNDki7mXkHk3LESdVtL4E/xOt0DY3t01j/gI6r5NQcjL0Qlkj2NvWLM/
gawxiuLTb8tmE7443JdShRd+YCxRRiViWuLBrAkSMvb4qeNdYbXOPF9gK8W4qh9glOycN0kr6MW3kDwhpm6ALxxyz3wo4qUJT0RwVk7xOXQrbXFYf18XZLMD
kyYsXbhXlQPzaihuWCvMLyppy9cvmVEZQ08tZlrmybgZBhoS2M3LiTHhBvgfpOOR6H63BDQINKPZv2BBNxS0tTb6KMu8FmeoeLZtzQ+AuAIeJREQC4lZTG9LH2CzBw==
6jGwxZpMBIzZ2ni8KXxh3gNa5PIeq3ADdE8tZlrmybgZBhoS2M3LiTHhBvgfpOOR6H63BDQINKPZv2BBNxS0tTb6KMu8FmeoeLZtzQ+AuAIeJREQC4lZTG9LH2CzBw==
yOYsVFwRBlXjOklnT3admHM1mRjFp93noeDaZE02kZyGhEg/f/eJC6qevwaHPwDEy7LEWmB9AfUsh/dWcHt+oPQd7CSTlgCcgeRvYpxsNt8tZjubTVJ3QRNmswU=
Z7SVsGlwYKEBWFawu111C2h0k9Ui5K+E/boqLCINSE0W+2ZujZyL2s0j9bw7J76z+AJzT1idlMb0iOSf2fy+sa3sZMSWT2D0yWKF7q6jAR1WHZdWMzN1U5Z3VVV8/lewGI69Ko/o6Dr+PSF4SyGp1M8zT0izLw==
KwvJmjXIR5gfwonSHVSFKx5hpJQnE6jvXt87ajVlP4YeKiey9ikh7+/oJFluRv0NpHTbBTv037MEf2WCCfoUV/+zFKvvM7Ixd7MS
jgsxmmf9AOAaKqqQH4gfDoChwRkA/XuEIs/oDp5/tFpTekRtBSeOrJdo754EA46N5V1gYByUDxRpkpmmvmJPFEbOrYxebvzRqFdhGjegjqGlVCToM34LJ6pVCSdZ0UcpiP52N2esx6j5ZghRitOU5ZtmkAPwoRuNBsthRift5NXz/yA0xvedPG50zgS1WZXMcW8KmauXpsI6y5HDmrehi7ztmbP8
35mkeSE5LxU/Qg5jUXnp2L6uz1f88AsPoG0JJhEoLOXnt6NUebrTwLQg4ZYzq1g5vk4pZNiuEefLpMYzYY4HZOnYQkWNMsGZT/YVZj2T1IN3EAJeNl8SNaml1YXdXND5nmAIoNIvKXBMdiILKop1lo/XvYeGY32R3Hr/5EiatU/JjGmvrmkJfGvlAUBf54ess8s=
35mkeSE5LxU/Qg5jUXnp2L6uz1f88AsPoG0JJhEoLOXnt6NUebrTwLQg4ZYzq1g5vk4pZNiuEefLpMYzYY4HZOnYQkWNMsGZT/YVZj2T1IN3EAJeNl8SNaml1YXdXND5nmAIoNIvKXBMdiILKop1lo/XvYeGY32R3Hr/5EiatU/JjGmvrmkJfGvlAUBf54ess8s=
+JQ1aHQAtHECOxUoH34zHjT2+FW7pmre2fVRTaACL1wk9Ctly7Qv0xR5das4uqT3TzOEC7/z4tEHs2I=
Tt3t5tP50VYSZlgmHxYQuYYgOMJxdxrhIlhu8h+NTGC7inBoGUmpRp0R5kuVqlufJY7H9csKs2E=
qg0wxiMn6GstDIY/tga85iM7KZ4Vfm0gOl25HUN0XW6hj0hZdBR1pM2NKgEojbXWFHlZ3bpolli2kdx9aKQWf8OTgOkSmnKv/LCF7DTKrByudgNO/iZ/C2ct6sap1soPHwIXKWPxU3+qNPWDEPWaZxcgOkLWQOS3vkF3jCo8IiTZUZHcFTfWWPfPAlK+Qz0jNv9le5iVpbPA
3lzoZP4aHY7mphqqkKRriBK/On25gH8SfT8qEqNfqlJGO/N3W3gRIJvMr+Hw40am4AXTZGX2J+7DWOAVAxMXPdmljes6Acg+EA8eFB+Ejj4+jDzC+cZkov2L5alwTlNiWJ+N9q1B+VWx38iQL2uqgci3xZRACgyEpvf8ha3EUAjw9IslqzTPE7R4FesYOoS3LzMky59zgpGns8I=
f7MtLPU0rcXo9ReAQmUwlDaprzwYhpjgvrjIZMku/9fsde7W95CqGBVeG599lg0Sb3nCxBByBnyxU2rzy7Vjrwx3QW1dZcijf0/G0DD7cOVUdbi+Crnkvkskay8KlpyT19Q8Wn20A2IP+eIAv3+vs48sTmdmMWKFl52nUuA1Ftscsk+8KCIlx0gE+RdOsbk0Ky3xmH+fl6Szww==
AtVk6YywZ7Qo6D9+UXsVbjaprzwYhpjgvrjIZMku/9fsde7W95CqHhVeG597lg0Sb3nCxBByBnyxU2rz56JjphB5Vm1dZcijf0/G0DD7cOVUdbi+Crnkvkskay8KlpyT19Q8Wn20A2IP+eIAv3+vs48sTmdmMWKFl52nUuA1Ftscsk+8KCIlx0gE+RdOsbk0Ky3xmH+fl6Szww==
oMR98XDiwrbdjVDVe5eUC2yKLa35IGDwjv2s9cQ0wjLC4Jxv27XguFMqPDh5dFXzDZ+4TKunns8FZGXNsOSObpc3diqfh/UbbEHf6apqyFXkd8SDBDSCJ2A8y6LntZIYKGFnQqDwlQpnwO8fTnoHkXvh35qyrS5vpkfX2+uIOHti6exkE9YA3AGlaCIVLTafrSY7W82Sd4GTprPF
rq3YA3mOl1pU0zySozvaEjaprzwYhpjgvrjIZMku/9fsde7W95CqHhVeG597lg0Sb3nCxBByBnyxU2rzy7VjsRF2S21dZcijf0/G0DD7cOVUdbi+Crnkvkskay8KlpyT19Q8Wn20A2IP+eIAv3+vs48sTmdmMWKFl52nUuA1Ftscsk+8KCIlx0gE+RdOsbk0Ky3xmH+fl6Szww==
bt1xXU8ZLUdgY4YAQhJkGWyKLa35IGDwjv2s9cQ0wjLC4Jxv27XgvlMqPDh/dFXzDZ+4TKunns8FZGXNoeKMe5Mjdiqfh/UbbEHf6apqyFXkd8SDBDSCJ2A8y6LntZIYKGFnQqDwlQpnwO8fTnoHkXvh35qyrS5vpkfX2+uIOHti6exkE9YA3AGlaCIVLTafrSY7W82Sd4GTprPF
OFKjM+kigSbdqIEYVW7mnCM7KZ4Vfm0gOl25HUN0XW6hj0hZdBR1otzVchE+huGJE3pM9PwL0Rqhycs9bJYRadaOgOkSmnKv/LCF7DTKrByudgNO/iZ/C2ct6sap1soPHwIXKWPxU3+qNPWDEPWaZxcgOkLWQOS3vkF3jCo8IiTZUZHcFTfWWPfPAlK+Qz0jNv9le5iVpbPA
073o0jto/BdA0OL8+mkVPCM7KZ4Vfm0gOl25HUN0XW6hj0hZdBR1otzVchE+huGJE3pM9PwL0Rqhycs9ZYUbdNaMgOkSmnKv/LCF7DTKrByudgNO/iZ/C2ct6sap1soPHwIXKWPxU3+qNPWDEPWaZxcgOkLWQOS3vkF3jCo8IiTZUZHcFTfWWPfPAlK+Qz0jNv9le5iVpbPA
YzRIthocBwv7fHh7BlKRskxMsq2X+0Qbx+dzTms+PUK1GP8DS15BEEVIifjJxWsj6Mz9XVFMMZ++PL8mRIVvgY2sgal5SzeUhvEEdlTP2lxTtHIGWqzY2uXWaKr5i+GhfF5Pery/6c5RcbUddR+M2OObFvlsV2EM3JqADCJ3eA0hVMyQVJQv3RdEg9twOFEj1Ar4j8sTQNODY46Zo7PG
Rv6o1ZMG1GFRYrlKVAX++Ckfg7d6/hliED4MWyvL4NAOT3mBjHjJ3trEDWZhzSvPnMIvDOgyxR5PVJkHDgFZxKsd0eg/jzd0sxM=
UOSjEBZ6hh+fWTBIBCueGZwFinpShUtEvq4hDSOE/4nRUkElUpK3nMVBh6C58gJnOILtBiBPQPjTQ6t6c0OPXc7Z4sQ9ib1sqX/bH3OHfiLSGxkDkkdJa0QdYbME
OzZRDJOVmIcnTcLnuGwqOOt/NMAPI4yNkm2Qz+2dheJm+TW80JiFfIRwC7/5FPipOCEFGhdAOx8d3//I3qXIohCVfCbhQpjYEvCEiMLf2Jibk0N6GxNUslJTmoTleYUM4c8zn9v3NgIqK0FDKtfRywxNSbMs
1ElOPn0HuoBXF8dcAK7W2URwgdMieg7OHl66783Al+lYYG7Iqu8QOOMju3pjo6wSGmNyRI3pTSz5n+sfg6cu4mK76YMCpxkrtD1xsxQ=
DV1znztoys2Sv59DVD27AzT2+FW7pmre2fVRTaACL1wk9Ctly7Qv0x56dao4uqT3TzOEC7/z4tEHs2I=
4HmnlBxYWk3iJiCBnhdmOoYgOMJxdxrhIlhu8h+NTGC7inBoGUOqRpwR5kuVqlufJY7H9csKs2E=
x1CrE2DfeYdsQNP7Ym8WKCkFhbdm5hhiED4MWyvL4NAOT3mBjHjJ3trEDWZhzSvPnMIvDOgyxR1JVJgHDgFZxKsd0eg/jzd0sxM=
9yPEvh4aS3ZwlfwEQxdcK23NjAUqHpXk6zUMB8odVLff4rRwxW+qGgBtqelsUPnG2tw9XY6h4ffcOn+kSFo1hcnM6O+uqYm8ayWBAF+nB2yzCw==
ZT7hQ3v4+DjfdtbBpk6+FTT2+FW7pmre2fVRTaACL1wk9Ctly7Qv0xh4dao4uqT3TzOEC7/z4tEHs2I=
MHmgdMI0D2fRZc3tISP5VYYgOMJxdxrhIlhu8h+NTGC7inBoGUWoRpwR5kuVqlufJY7H9csKs2E=
EWCh+IijyWGYLmLwgHcOww+ewy7QctQXm2e4PG6j4S089FFSWkiV6tFhsyP8LnegWH4dUI8YQEs+LQEoy/HJxA+DL3izHw==
iHsr57/92m/V7J0Q0DQOTE09y4BfsXEuGi5DFjGezuFAVXmBjHjJ3trEDXVuyTHPnMIvDOgyxRxPVJgHDgFZxKsd0eg/jzd0sxM=
gPGmQXDxCJfSSXAHo9BCLg6ewy7QctQXm2e4PG6j4S089FFSWkiV6tFhsyP8LnegWH4dVI8YQEs+LQEoy/HJxA+DL3izHw==
BeA6oc3kN5pLIy9qZufUPE09y4BfsXEuGi5DFjGfzuFAVXmBjHjJ3trEDXVuyTHPnMIvDOgyxRhPVJgHDgFZxKsd0eg/jzd0sxM=
xB3NQNbE8WWHeGNp6RbKmdJ4EyYSiiqIaWNhRrfrZyCI6jCuwHg7HVbV6M7Ilkdgdz9DC/t0/1Ee7Ezr+W25+BdcfDgBCxj7n/LLQeQiaqCc4m+saJKF+k40WKeOoZnkq/0RiL9vd1SzMw==
eq0Cby1otZM3+ydUtVWY9NJ4EyYSiiqIaWNhRrfrZyCI6jCuwXg7HVbV6M3Ilkdgdz9DC/t0/1Ee7Ezr+W25+BdcfDgBCxj7n/LLQeQiaqCc4m+saJKF+U40WKeOoZnkq/0RiL9vd1SzMw==
STXJfcw2INC16EeECwf2a2pwCP+JUWIRAX8ofQva+Do5UDnVS3ib8CNkZJaBmc6Id4/wt80nf/tdX4zvmq1G9ITFSxDq675rZmWQ9LHNj/jkmdDplR0ErinF8w4pktolOmBxVkUET1mbS9/Fx/p4y4J5bPRzZsAsIbRuMjTd9i/NtrvLLSI38bO2s9U=
71eiQBYeWyC3eUACzKrY9l8vJQJ2QMz4qPEVPPt3C0GYGU+3KcWHRLOrhrr5aYT4qs8gY/JrTPyagIJi1Wo+kz3YvPISICZQMXsyWylaMriU97q4B782Y5uTHV6ktPvJ29fzo8A96L+graXMelyypCmxIZxlV+deB+4yEs7jjaOmXzU7yLW1s9A=
/sr6a83V/gPJpKbTgS43VN+n0IGQuBjZnk9Prqxh75LAmBB6W/0El1yK33QIqlWVy9wLn275KQzr1eHQH5cnfLMb
P53feRuQos2SOqMCAF9TljgjNxOydzP9+xgU21MsANrUPJO3yNmM2Asi0PCJzSu+7/mGk8ViG6cVpuft2wKzGQ==
6zjaxZLOHE2bL2Xr+CHL513krPVvHBG6vHD/PVVMdjHxU+k0rZBKPU3wqFE9IPXq8c9cslAUf71nBJN7zTmhwcTKSK+bkzCzEyO+OXOzFg==
LslkpVb0w2K+bdhoknefDzY4hATepMHn7OHcOkAn0I+UlEg7OvzEFrmC+k/AckDX0LXeRiMwXNcbyIBGbGhju+Ad7CSTlgCcge5vYpdtNt8tZjubTVJ3QRNmswU=
m5AtAFDo52aJ4p9qkd3MCNeyMxA91pqpMgYD0qvgKi6uw04hIAKpFOI2ksa3GTNA2mXnYC9eoyf+FqqExTnljAEPWp/7NZaCiuuhQ0qXMUusDWmzDA==
cKHI5b7LCJxd7gOBedDBRCYDj6Ji/i9iDyMMWDjJ5NcOAH/K1Fn/msCQAGJ7xTTfnMIvDOgyxRlLVJoHDgFZxKsd0eg/jzd0sxM=
MgdR99o12B3LyhHW7skptu/H66/k7NR8X2nK4b5lJAGbxLrEc5yvkYgukGOoGT4ii8zsQ4NEAMLk9PNPWHFMgPsq8MjZJ6omXrFm69VKW39lLkdVC2qzAQ==
AXkoZwcg1nc24GsGuJde+qLJ+/O35s1yXizB6bgrcAqZhbjfZ8Wtm4gukGOoGT4ii8zsQ4NEAMLk9PNPWHFMgPsq8MjZKKkmXrFm69VKW39lLkdVC2qzAQ==
WEBqzsRXe0KOBP5ghnfwjsMDmnpHwGsWv7Y7CjeWtojKTEcSUoW/isRjwry48gF0OobqBm9JC6Dyde9gJ06LR8bG8sQ9ib1sqX/YH3OEfiLSGxkDkkdJa0QdYbME
z+udAEjTQNKJB4xTyha5f0BwmNEiORbdWlS5ppGS0bRKZlqG/+lbYMIV/2A3rrsHFmZiRI3pTSz5n+Ifg6Qu4mK76YMCpxkrtD1xsxQ=
7hsqnzOKy5UTGWNqtxkxemCwkAfsvTkJPIeqnzt2PDL42YxvtnpKaufzssBWXk5my7GnMG79a+CjxhfXar5WJJnRUdzVtx9bN0tCUv7DfSN2fyV7WBVlswA=
U9QdEgB+45R5RXyoT5V/9XqSk6gOBbTvhw85Fy7KwupvgypgPo72JhOBz9BW7WPgq9Yvt4KODuQhgbl8TUeT27/72rJWk4VjLo8NW6AFbbMI
eY+mLlPs8/YhximZXPZscwD9sCfaaJ1bjGW8O27s52Zk1WcWQByY7stprDP8LnegWH4dVIsYRUs+LQEoy/HJxA+DL3izHw==
1XUnQS/GRfMPkezp9kXOeVJx9r6GWrpq1xPCAOY+vuZbUffwvp174LMmR5e63sak6THhnCXXKFpHa3ISDmPNo+bf9TuINXWzEA==
NL9KFY6ReavNjm3yugfy2UcS/q1WOmDYvIVm6FbiROzovQxzrqQXPkTtdx5AFIjW6zFcezxmx3g4ho3YCZDVM951seCLObkcL7s/cLMX
UpO/LuSXhEGG+H7DKGQ6q6maqxMbY4+PiWYvj92jhC6gSo3ngMhUWkR24dWFGBwpoaBpEmV/yNr8tBNV01RnI3P53R/wmryHt3NcmwdTqgFvswo=
PkL05tz/xOIFjXP/OAsweEgS/K9QLmnYs4Ugr1rgDaPsvQxzrqQXPkTtdx5AFIjW6zFcezxmx3g4ho3bCJDVM951seCLObkcL7s/cLMX
in++fxRp/gAq9sjqIECaomCrlhuipj4RMYDzmGl+Iijx35F3tnpKaufzssBWXk5my7GnMG79a+CjxhfXar5WJJnRUdzVtxtYN0tCUv7DfSN2fyV7WBVlswA=
gqMDFK5IrZ+wyb4rPyfEj6+1mWtB0vr9XltE4K+JYrd8UXraGdXkvwB9no7zWHw/C8CATnyAQ9Mw1azsQ/6gdBFj6OoBhZa3/a57U506V6kDbrMN
4Zll3KSbh7O3TThJ3Q+tx1Jx9r6GWrpq1xPCAOY+vuZbUffwvp174LMmR5e63sak6THhnCXXJlhHa3ISDmPNo+bf9TuINXWzEA==
v0JBb5amdSp1uRUtdcgL2A6R4ctGIDvC1D1fsNQELxkYVjDL2MH+alv0jKuzXADK9AzTZ6gpDEirkhCgab8ursnJxkOlkps3tRYnvTtyswk=
IRWKLr2tnCaitEb83DqjphBSKIucg6GGI7xIYlCWlQ05SPBBNSD9+gmvdIII1Adtz6QLC0m7KXZcKiB/I9Pow/sDhil7sx4=
hIcU4P25y3kf2rfM+E2xVTZx0ocZLGPWsYUgr1HvCLnsvQxzrqQXPkTtdx5AFIjW6zFcezxmx3g4ho3ZCpDUM951seCLObkcL7s/cLMX
CbdnLM1SzJuv+rKKaJ1PYVJx9r6GWrph2BbYAOY+vuZbUffwvp174LMmR5e63sak6THhnCXXKlpHanISDmPNo+bf9TuINXWzEA==
F305kD45B0DZUWQ4aG9RV2rP0qUABeKhiws3HXyMn+FoymVkPo72JhOBz9BW7WPgq9Yvt4KODuQhgbl8TUef37/62rJWk4VjLo8NW6AFbbMI
b7tGRnG/dLClJvtu1ykeF9PSxrPDZnjp7ItjtmL4rYLeCGIaxB9NV1A3i4uKipmzYjxPe7bQUyyw3GeABv7e5rsRV3Ae3Zvg0+bnFxoepqQJcYEchZcJWycpkpKuo+2jxh+Vu2h1VbMw
lM3D+T5+i1pps6kPo3h+q0FEWkdmyuPjeXUizYmYLDwMaJc+nD9yDkzV3MvuXEcWpIVHBkAMuL4LGQyDfN4XEJgu/UOKCCebfp3hWEtBaTRPUw9osw8=
vOB2VnL2Ne7/+QKSOPyQXFQKcIDdzP7AabhIYlCWlQ05SPBBNSD9+gmvdIII1Adtz6QLC0W6KXVcKiB/I9Pow/sDhil7sx4=
lOtEioXUdygOnmSK1s1xhUo0Jn5EbmV/XPncilMFMvO5uOVSKbPOJhEzbIj4uQRnjvDfehQJ34rAgCAyu3WULxxyz3wo4qULSER/V07xOXQrbXFYf18XZLMD
mJXT05Xnyiugi8RfVHLutVtoZTtTaGotXPXHogcCIfrpteVHJrbYclxzKsL8uQRnjvDfehQJ34rAgCAyu3WULxxyz3wo4qUHSER/V07xOXQrbXFYf18XZLMD
hll8zYjYuRiraoBLKV0YOSZnywPLuM61/PzcdEc0n4yViFkjee3OCLzQvBWGOETX0LXeRiMwXNcbyIBGbGhju+Ad7CSTlgCcge9vYpNtNt8tZjubTVJ3QRNmswU=
YzN9zbVh0IhJR4LvuoRXPV5ydEO33obQhu1iFg/YmaTDOnu0sndPpoDP79bXjZbtvBMrZ0UBOHcc6kfmdUyW8JGYAPLI1q39cShokV0gFaqRT7zyMBSf/QeEczuqPoGFZEro77uTEPOzox55U7M2
fafM2PDZqeSI/9rCzJVhol5laE+63oCYhr5pCwLImeXPMmC0sndPpoDP79bXjZbtvBMrZ0UBOHcc6kfmdUyW8JGYAPLI1q39cShokV0gFaqRT7zyMBSf/QeEczugPoGFZEro77uTEPOzox55U7M2
5tMmCiynUR3vXpRXBLY2fHeQ7On/9NoyaZDYJ4ViUmeNQl0NHHneu/mjj1FSUw7iRfIfbHwk09BSViJGJ3njgIpFF2BffnNnrvY6BHXZVcwx70ab6xDmwnpL0cPaN2GLfG1Zszw=
3moJxiEmsFgqUGg/uMIAGjYvnwTYodvw/KLNZUsln4yViFkjee3OCLzQvBWGOETX0LXeRiMwXNcbyIBGbGhju+Ad7CSTlgCcgeRrYpJtNt8tZjubTVJ3QRNmswU=
HUWO/4wnKJdTRXl6PiNtWlQKcIDdzP7AabhIYlCWlQ05SPBBNSD9+gmvdIII1Adtz6QLC0G6KXRcKiB/I9Pow/sDhil7sx4=
fNbSODR53Q5vnnabsvcJFUk0Jn5EbmV/XPncilMFMvO5uOVSKbPOJhEzbIj4uQRnjvDfehQJ34rAgCAyu3WULxxyz3wo4qUHSkR+V07xOXQrbXFYf18XZLMD
Y1w506KtI1MZGq4OUyuzuFtoZTtTaGotXPXHogcCIfrpteVHJrbYclxzKsL8uQRnjvDfehQJ34rAgCAyu3WULxxyz3wo4qUNSUR+V07xOXQrbXFYf18XZLMD
F65BACXVxFGdrFFXYpFhB1QKcIDdzP7AabhIYlCWlQ05SPBBNSD9+gmvdIII1Adtz6QLC0G4KXRcKiB/I9Pow/sDhil7sx4=
GFYG/7oU0NQHG01uFH/LNxFSKIucg6GGI7xIYlCWlQ05SPBBNSD9+gmvdIII1Adtz6QLC0S4KXRcKiB/I9Pow/sDhil7sx4=
zGzLcLj2k2wxHW3vdzTeDzjKvJBMURW5qW2wdlwBPjruGOAyqNZNPRGoiFE9IPXq8c9cslAUf71nBJN7yj+hxMTKSK+bkzCzEyO+OXOzFg==
hrG4YPD0CQjwXultkcgPOVJx9r6GWrph2BbYAOY+vuZbUffwvp174LMmR5e63sak6THhnCXXKV9HaHISDmPNo+bf9TuINXWzEA==
pKsxEtVGaS92SPnLcd2guWvP0qUABeKhiws3HXyMn+FoymVkPo72JhOBz9BW7WPgq9Yvt4KODuQhgbl8TUeR3r/42rJWk4VjLo8NW6AFbbMI
W2bcj20aDc6/372v6Frn5dPSxrPDZnjp7ItjtmL4rYLeCWIaxB9NV1A3i4uKipmzYjxPe7bQUyyw3GeABv7e5rsRV3Ae3Zvg0+bnFxoepqQJcYEchZcPWScnkpKuo+2jxh+Vu2h1VbMw
soS/Mv2Uij8fmTNN4GH9Azm1ARCEposhJD2o7LZBUVbz0B2h7cwOoFl4OILgFgVt6YigoSUg7ZrZ7yRimFS3DT/kO+swuBlbrGqQ31NTeGMrQ1YJa7MO
CiOmwFUknfjE8T3MB63zRVQKcIDdzP7AabhIYlCWlQ05SPBBNSD9+gmvdIII1Adtz6QLC0O4KXtcKiB/I9Pow/sDhil7sx4=
jK8rR6zObyMJrsWAhNPeFkk0Jn5EbmV/XPncilMFMvO5uOVSKbPOJhEzbIj4uQRnjvDfehQJ34rAgCAyu3WULxxyz3wo4qUHT0RxV07xOXQrbXFYf18XZLMD
xkjbEbJo3h/QI2631qfGeltoZTtTaGotXPXHogcCIfrpteVHJrbYclxzKsL8uQRnjvDfehQJ34rAgCAyu3WULxxyz3wo4qUNTkRxV07xOXQrbXFYf18XZLMD
zZarmMdVGQmcMgelf6TN9SdnywPLuM61/PzcdEc0n4yViFkjee3OCLzQvBWGOETX0LXeRiMwXNcbyIBGbGhju+Ad7CSTlgCcgepuYp1tNt8tZjubTVJ3QRNmswU=
6qygEHcTmEM91xc9KtPAV15ydEO33obQhu1iFg/YmaTDOnu0sndPpoDP79bXjZbtvBMrZ0UBOHcc6kfmdUyW8JGYAPLI1q39cShokV0gFaqRT7zyMBSf/QeEczuqO4GKZEro77uTEPOzox55U7M2
HUbBZWtbadXLKMF+NPCdB3SQ7On/9NoyaZDYJ4ViUmeNQl0NHHneu/mjj1FSUw7iRfIfbHwk09BSViJGJ3njgIpFF2BffnNnrvY6BHXZVcwx70Oa6x7mwnpL0cPaN2GLfG1Zszw=
dB1+zbHZbRywq4BkagCFNV5laE+63oCYhr5pCwLImeXPMmC0sndPpoDP79bXjZbtvBMrZ0UBOHcc6kfmdUyW8JGYAPLI1q39cShokV0gFaqRT7zyMBSf/QeEczuvOoGKZEro77uTEPOzox55U7M2
cvGvngtgG97F16ciubX00DYvnwTYodvw/KLNZUsln4yViFkjee3OCLzQvBWGOETX0LXeRiMwXNcbyIBGbGhju+Ad7CSTlgCcgeRqYpxtNt8tZjubTVJ3QRNmswU=
c4m0UXbQkGPwSvTVtTUBslQKcIDdzP7AabhIYlCWlQ05SPBBNSD9+gmvdIII1Adtz6QLC0G5KXpcKiB/I9Pow/sDhil7sx4=
1915s4PxU6XgH/O2SulAe3Yhz4R25fDev+47I3AxcnYHzktCrbbC+I8z8qtvPrmBoAgnAQmSwNfylPm8kaXbi5bPUpnWMXT3k3eB+O+BRGRxV6BnH25zHZR+Unx8/lewGI69K4no6Dv+PSF4SyGp1M8zT0izLw==
0e949Zijtg9VBpEucQ3SXp1P2TNQhWEWtak8PCKP9JrCSE9BF4Ozjdh006Gk8gF0OobqBm9JC6Dyde9gJ06LR8bG8sQ9ib1sqX/aH3OOfiLSGxkDkkdJa0QdYbME
kjpD/FMi3IrI5AKTGJ3Hj2CzjQG+vWwcNoHnyz1rIzH+24py4SpDLKD8t8BWXk5my7GnMG79a+CjxhfXar5WJJnRUdzVtxhfN0ZCUv7DfSN2fyV7WBVlswA=
cRC+zrOrhP5m4Mr9gVhoBbPbbgD94SUOgwXaHP7QAQ6sVlNaV9iih/c+WUYJCZ371gqgzpxPUv4MhXxbbsynxuS1pzZAPFiOS8nsE/xOt0DY3t06jvgI675NQcjL0Qlkj2NvWLM/
NZFNftgC1sBNLdmX3LHcqlQKcIDdzP7AabhIYlCWlQ05SPBBNSD9+gmvdIII1Adtz6QLC0C7KXNfKiB/I9Pow/sDhil7sx4=
GWR0F1f/pYrWd4nOfr6gLQsBZ8FwqiDP4O0eHpOoPA8r0IBeXLADI1BFLHyjjmBEMX3r+iW2VscdPvvD/coXmSN+sx0=
ckKwtE7MAyGo4X+wr5aEw7/Euwr3kzVgvoykGHEXQI25uGIiKxAhmm/GBVDxd6s6ireVRlZ4NDmpoGECTZ+QigT0S6VrNI+T+HpVa1s6xDdvM2RLX3NCEWezAg==
nIdBd20Njw7Knh3nAuFGrmpwCP+JUWIRAX8ofQva+Do5UDnVS3ib8CNkZJaBmc6Id4/wt80nf/tdX4zvmq1G9ITFSxDq675rZmWQ9LHNj/jkmdDplR0ErinF8w4pktolOmBxVkUET1mbS9/Fx/p4y4J5bPRzZsAsIbppMjXe9i/NtrvLLSI38bO2s9U=
M5tQR9GQc9NftWlcnv05AV8vJQJ2QMz4qPEVPPt3C0GYGU+3KcWHRLOrhrr5aYT4qs8gY/JrTPyagIJi1Wo+kz3YvPISICZQMXsyWylaMriU97q4B782Y5uTHV6ktPvJ29fzo8A96L+graXMelyypCmxIZxlV+lZB+8xEs7jjaOmXzU7yLW1s9A=
M5tQR9GQc9NftWlcnv05AV8vJQJ2QMz4qPEVPPt3C0GYGU+3KcWHRLOrhrr5aYT4qs8gY/JrTPyagIJi1Wo+kz3YvPISICZQMXsyWylaMriU97q4B782Y5uTHV6ktPvJ29fzo8A96L+graXMelyypCmxIZxlV+lZB+8xEs7jjaOmXzU7yLW1s9A=
M5tQR9GQc9NftWlcnv05AV8vJQJ2QMz4qPEVPPt3C0GYGU+3KcWHRLOrhrr5aYT4qs8gY/JrTPyagIJi1Wo+kz3YvPISICZQMXsyWylaMriU97q4B782Y5uTHV6ktPvJ29fzo8A96L+graXMelyypCmxIZxlV+lZB+8xEs7jjaOmXzU7yLW1s9A=
M5tQR9GQc9NftWlcnv05AV8vJQJ2QMz4qPEVPPt3C0GYGU+3KcWHRLOrhrr5aYT4qs8gY/JrTPyagIJi1Wo+kz3YvPISICZQMXsyWylaMriU97q4B782Y5uTHV6ktPvJ29fzo8A96L+graXMelyypCmxIZxlV+lZB+8xEs7jjaOmXzU7yLW1s9A=
M5tQR9GQc9NftWlcnv05AV8vJQJ2QMz4qPEVPPt3C0GYGU+3KcWHRLOrhrr5aYT4qs8gY/JrTPyagIJi1Wo+kz3YvPISICZQMXsyWylaMriU97q4B782Y5uTHV6ktPvJ29fzo8A96L+graXMelyypCmxIZxlV+lZB+8xEs7jjaOmXzU7yLW1s9A=
7MF0eDZzyPzAK22JdLBHrpPdjFYSj/dkKjTPYAeU7cd6nhPEHUkd7Mm/+BiTx92istt5A7IHqevk3QGzZA==
ckwzCh3VuwFNxQTQl+s1/N+n0IGQuBjZnlVJrrB57pLAmAp8W+EcllyK33QIqlWWz9wInG75KQzr1eHQH5cnfLMb
TKBZkcnoxfd/rblKPgcDU0XqcONGZCDrvidD1J6Mc+C7LFl3zja/ZLHhSTydZ6Xfzx6JcuYzFePe790bkCV9sxg=
068+hD2grgMSa5L4GrMxf0Zgu6RUKGDDrMprphynA6antAp26LkRYgDVdh5AFJLQ6y1Eejxmx3g4ho3TD5DQMN51seCLObkcL7s/cLMX
nq/1ednpKmB3RhKfsL7/egCjIXuxlrEdd3Oi6KNfFUr5whWqqc9XrxB2dozvHgRhopHGoCUg7YDf7zh6mVS3DT/kO+swuxlRr2qQ31NTeGMrQ1YJa7MO
E3i5x/8Q87nSJULmH9JHVL/NvQXtjC8/rZe1R3QRXNqtomU8ZBZvlHfdDk2kJqIkk76YCRZhUjipoGEYS5+MkgX0S6VrNI+T+3tVaVs6xDdvM2RLX3NCEWezAg==
2HHl6SFtT2Ym48128NWg0PDkynZXnfviWFga8KuBJ/IzGn7aFZnq8Q5ylo//E2VZCsCATmaGQ88o1KzsQ/6gdBFm6uoHhpa3/a57U506V6kDbrMN
sMdOKsvZPLvkoEeu0utlzU2tMSfinKgTdjap4KURQUH7gxexvZZVpRB2dozvHgRhopHGoCUg7YDf7zh6mVS3DT/kO+s4uhlRr2qQ31NTeGMrQ1YJa7MO
nMict1s5dWeFOjaZgmyDNXk1mATJ9Nzn4PjKZEUln4uIikY4OvzKHqGC+k+VcUqZ3rrWRy97RbEayIBGdm5jp/gc7CSTlgCcgeVpYpduNt8tZjubTVJ3QRNmswU=
q4Z4l6j0sU1Ve6kEYnqHhDJGietaUBN5z4XxRawBiim+KlbXz8sFQTrYgFZWniMXGIxstPMmwOyh9Whytx72b032uwut4jexM3azFQ==
u/MulF5KjZDCAXId3c48G6LA+/K398xjQiCP+K1keRycxKXfN5/2ncZk1SmmFjYjh4f1JYJEAML+8vNTQHBMgPsq8MjZJa8mX7Jm69VKW39lLkdVC2qzAQ==
s9cCIPiWdfF9O/jH1UOF9xzd7sdAP2nJy3pYr4cHdhVWHHWB1s72a1e/lc2yXADK7grTe7AoDEirkhCgabAvrs/KxkOlkps3tRYnvTtyswk=
0kuJ+qFT69g7iNALnF0FQiYc7x4Xj/aN5rSV+QaGtrMnV7X1olQA0t4is4Pg4MwQW/qwGPkwrjZ/YiY7ddrb78X+B4UrerMR
fIpynJLlNTD3z156LuKps0Vh3Y1tMwzEGRGyoZTe0r4EaFWO/uUQeaQU/2A3tL0HCn5jRI3pTSz5n+Meg6Ut4mK76YMCpxkrtD1xsxQ=
H2Un4vafaSmuFk80loZ+SFb6y15kDsevtmJFGM4JG/nWt7J63Su6IEY5o+ktF86CwIgqTJux/ObcOn+kSFo1h8vM6uyuqYm8ayWBAF+nB2yzCw==
Zm1L29x96I5WPVd4pX2WAKLb/e757Mt7TyfW//9sZwaVwrjHN5/2ncZk1SmmFjYjh4f1JYJEAML+8vNTQHBMgPsq8MjZJasmXrJm69VKW39lLkdVC2qzAQ==
DlbXEJsEdydEogsqHjH8EfbL+A4NLI6Qj2Vxn9mrwS2qBobghYkeVEt+4NnOAXoooaBpCGN/1ML9tBNV01RnI3L73RjzmryHt3NcmwdTqgFvswo=
7VBizje0JaUb6/6J+zhKaiYc7x4Xj/aN5rSV+QaGtrMnV7X1olQA0t4is4Pg4MwQW/qwGPk4qzZ+YiY7ddrb78X+B4UrerMR
JBz4a1DmHovzbSZ+gFDfoF6TkbpjAgKxviP4JgZPLz+4Fq48p95MMVqx7lA9IPXw989AqlEUf71nBJN7zDqhwMfKSK+bkzCzEyO+OXOzFg==
V1i98BH9oulSb7SKvswZaCZ5203esdbn6ufNUlA83ZmAjk5rf/rGGb2V61KJcUqZ3rrWRy97RbEayIBGdm5jp/gc7CSTlgCcgeppYpZuNt8tZjubTVJ3QRNmswU=
2+bVjWhyjjxCnT02ltdg/ldc7K5dPXvfrIVs6B+tTamo9wJ8pqUbdV2Ldh5AFJLQ6y1Eejxmx3g4ho3aCJDSMN51seCLObkcL7s/cLMX
0zi+6ojhuc0g07hypA5g7Uu062ufJd1RyC+yNGbt6y19s2YWQByC6Mt1tDL8LnegWH4dWogYQkg+LQEoy/HJxA+DL3izHw==
1Em/u9kJIWdtk3P0RayO5mCqaMRUs5YA4IIoIKKNkRZ1EU7S05bAEVsipscgG8Ef6NYeXDdePJGK8d6wLSDlkMcPEAqhlO9d10RDW74/kaAXCjgPCxOAU0NjThljswY=
Ugnjt43pEW5mtlpQXRl7pUQ7R29EZG8tV/7Bu0YaJubpvOVdKuGIexkzLt6i8wpohvHTMQ1v3orAgDo0u2mMLhxyz3wo4qUNTkR6VE7xOXQrbXFYf18XZLMD
4FbynDRDj4TKUuxVVOuyPK+S8j2oiDkp7pe/A2QCX9itoWUvKhYs3ijJAlzxdqYkk76YCRZhUjipoGEYS5+MkgX0S6VrNI+T/HtVb1s6xDdvM2RLX3NCEWezAg==
dLnSxjemU30yPKY8pOXFOtJmFysAiC/JPiMmFu2/E3rLuli2xgpFDwCQ6IyUw0FhfSwGE+YRqAsZww6u4iOq+AZhM2FNXz66wLDaBPs5bL6c4m+saJKF+Eo0XaSOoZnkq/0RiL9vd1SzMw==
6HTRh0GP9XVj912MveLLEFJx9r6GWrpp0BjbXqwwse5aXbzp2Jx74LM8QZemxsek6THhnCXXJ1pHa3ESDmPNo+bf9TuINXWzEA==
2vNoCWJRjgi60j3WmIXVDA2AoZQAYy6Hx35WpdVBKx5RVTqF1s72a1e/lc2yXADK7grTe7AoDEirkhCgab0orsnKxkOlkps3tRYnvTtyswk=
n15YqfB6f6GXaP9h1z1jt66S8j2oiDkp7pe/A2QCX9itoWUvKhYs3ijJAlzxdqYkk76YCRZhUjipoGEYS5+MkgX0S6VrNI+T/X9Vb1s6xDdvM2RLX3NCEWezAg==
M3NikTgtZ+c+vKQuX2LhENJmFysAiC/JPiMmFu2/E3rKuli2xgpFDwCQ6IyUw0FhfSwGE+YRqAsZww6u4iOq+AZhM2FNXz66wLDaBPs5bL6c4m+saJKF/040XaSOoZnkq/0RiL9vd1SzMw==
ZUFQl25teUwXL/HH6JrZR1Jx9r6GWrpp0BjbXqwwse5aXbzp2Jx74LM8QZemxsek6THhnCXXLF5Ha3ESDmPNo+bf9TuINXWzEA==
XIrZWDyIudcTExO5laBZCG1V5xhfyP+Y4f3a/QaGtrMnV7X1olQA0t4is4Pg4MwQW/qwGPk4qjZ4YiY7ddrb78X+B4UrerMR
7DLLqr7YnxnsFSauCa9rR0ph1I5tMELbGVmz743b0r4EaFWO/uUQeaQU/2A3tL0HCn5jRI3pTSz5n+gZg6It4mK76YMCpxkrtD1xsxQ=
VvfPh1MlkpfLOQGHtfDFcFjuvpUPPybI0j1HoM9AfwBRVTqF1s72a1e/lc2yXADK7grTe7AoDEirkhCgabkorsjKxkOlkps3tRYnvTtyswk=
kZHymAuXtwsa5UUh/R3jDbLEdwX+735a3V3PTamHXkzwBl0JD5z+we57C0ILDon72hPzzZYBXfFPjXYQcMCsiv3TpjZAPEKIS9X0EvxOt0DY3t07j/gE6L5NQcjL0Qlkj2NvWLM/
10ffXlB1nEY4xBQldsKQqGG1dsVVu4BFq95jdOqLsRZpHF2Yzp2VFV4mpJVmRsgfrptYWHNIMZaN8d6wLSDlkMcPEAqhlO9d10RDW74+kaYXCjgPCxOAU0NjThljswY=
RTngQ1x4aHPDhwGfyCDzjjgpKy8Bs4jjZX89y5yCcywRadM9lnF9AQ/d1oDwUExaveNGBkAMorgLBRSCfN4XEJgu/UGLCCeYfp3hWEtBaTRPUw9osw8=
mBuJQdNelpiweOHOedtAQyYc7x4Xj/aP4buXuwLCoL4gULX1olQA0t4is4Pg4MwQW/qwGPk0qzZ7YiY7ddrb78X+B4UrerMR
b4FgZ0xwSMWOopRLwhAicljuvpUPPybI0j1HoM9AfwBRVTqF1s72a1e/lc2yXADK7grTe7AoDEirkhCgab4qrsvKxkOlkps3tRYnvTtyswk=
xTCgamJadxiarxEDsObfp9PSxrPDZnjp7ItjtmL4rZ3ACX0MyhhSS1s/msCLlou1YzYONKiZUCb+02jDDvSV+LcaG2l43Jvg0/zhFwYGp6QJcYEchZcJWScpkZKuo+2jxh+Vu2h1VbMw
zXsXeHa01MLQXc0hEgjQArLEdwX+735a3V3PTamHXkzxBl0JD5z+we57C0ILDon72hPzzZYBXfFPjXYQcMCsiv3TpjZAPEKIS9X0EvxOt0DY3t0wiPgH6L5NQcjL0Qlkj2NvWLM/
yWGTKMQSw2fQSahzUbsJy72rs4qRH+StlfF/R/BRHkFMxqrKszJ2LD/gsvuAxzuJ1kWVJR/Z3vTQpAQebUcussC4yhzbQVx2XKofFIgKFX/IvM887hlpLOu1IXCfd2dcszs=
+2JOHjN8U84v/nAEnYZ8v2G1d8VVu4BFq95jdOqLsRZpHF2Yzp2VFV4mpJVmRsgfrptYWHNIMZaN8d6wLSDlkMcPEAqhlO9d10RDW7w/kaUXCjgPCxOAU0NjThljswY=
sbfCA5otXUyyuDTt79JEfCYc7x4Xj/aP4buXuwLCoL4gULX1olQA0t4is4Pg4MwQW/qwGPk3rzZ7YiY7ddrb78X+B4UrerMR
FZC2eynaBCx2ANVrRqN6/Vjuv5UPPybI0j1HoM9AfwBRVTqF1s72a1e/lc2yXADK7grTe7AoDEirkhCgab0ursvKxkOlkps3tRYnvTtyswk=
dbsVWho6Ekj2qj5yzUzw0rLEdwX+735a3V3PTamHXkzwBl0JD5z+we57C0ILDon72hPzzZYBXfFPjXYQcMCsiv3TpjZAPEKIS9X0EvxOt0DY3t03i/gG6L5NQcjL0Qlkj2NvWLM/
pMcwE+e3FcEffXkrLKux/mG1dsVVu4BFq95jdOqLsRZpHF2Yzp2VFV4mpJVmRsgfrptYWHNIMZaN8d6wLSDlkMcPEAqhlO9d10RDW7w6kaQXCjgPCxOAU0NjThljswY=
VmPttSBQ+fxKsFk9xbVZlTgpKy8Bs4jjZX89y5yCcywRadM9lnF9AQ/d1oDwUExaveNGBkAMorgLBRSCfN4XEJgu/UWKCCaYfp3hWEtBaTRPUw9osw8=
pX0VHZnWYC9Bo8jBs+wEYCYc7x4Xj/aP4buXuwLCoL4gULX1olQA0t4is4Pg4MwQW/qwGPk5qjZ6YiY7ddrb78X+B4UrerMR
gSkS5/GsfJ32rICfKK8eJs1G6wucBqo0u/5weZ7BCsixoHlokz8EYm00Y7VjFLdDhfntPKNazCcH88z71xOaIX+zGg==
iFBTb1uX3Ceir9FzJYGRRkW5NvhbJ3m4oyEXgsCMc+C7LFl3zja/ZLHhSTydZ6LZzxiJcuYzFePe790bkCV9sxg=
kKyXPnTD80CMJfHRZK3zjWpwCP+JUWIRAX8ofQva+Do5UDnVS3ib8CNkZJaBmc6Id4/wt80nf/tdX4zvmq1G9ITFSxDq675rZmWQ9LHNj/jkmdDplR0ErinF8w4pktolOmBxVkUET1mbS9/Fx/p4y4J5bPRzZsAsIb1vMjLe9i/NtrvLLSI38bO2s9U=
q3Gg7B5twVsc/xiPRSAbaV8vJQJ2QMz4qPEVPPt3C0GYGU+3KcWHRLOrhrr5aYT4qs8gY/JrTPyagIJi1Wo+kz3YvPISICZQMXsyWylaMriU97q4B782Y5uTHV6ktPvJ29fzo8A96L+graXMelyypCmxIZxlV+5fB+gxEs7jjaOmXzU7yLW1s9A=
q3Gg7B5twVsc/xiPRSAbaV8vJQJ2QMz4qPEVPPt3C0GYGU+3KcWHRLOrhrr5aYT4qs8gY/JrTPyagIJi1Wo+kz3YvPISICZQMXsyWylaMriU97q4B782Y5uTHV6ktPvJ29fzo8A96L+graXMelyypCmxIZxlV+5fB+gxEs7jjaOmXzU7yLW1s9A=
q3Gg7B5twVsc/xiPRSAbaV8vJQJ2QMz4qPEVPPt3C0GYGU+3KcWHRLOrhrr5aYT4qs8gY/JrTPyagIJi1Wo+kz3YvPISICZQMXsyWylaMriU97q4B782Y5uTHV6ktPvJ29fzo8A96L+graXMelyypCmxIZxlV+5fB+gxEs7jjaOmXzU7yLW1s9A=
q3Gg7B5twVsc/xiPRSAbaV8vJQJ2QMz4qPEVPPt3C0GYGU+3KcWHRLOrhrr5aYT4qs8gY/JrTPyagIJi1Wo+kz3YvPISICZQMXsyWylaMriU97q4B782Y5uTHV6ktPvJ29fzo8A96L+graXMelyypCmxIZxlV+5fB+gxEs7jjaOmXzU7yLW1s9A=
q3Gg7B5twVsc/xiPRSAbaV8vJQJ2QMz4qPEVPPt3C0GYGU+3KcWHRLOrhrr5aYT4qs8gY/JrTPyagIJi1Wo+kz3YvPISICZQMXsyWylaMriU97q4B782Y5uTHV6ktPvJ29fzo8A96L+graXMelyypCmxIZxlV+5fB+gxEs7jjaOmXzU7yLW1s9A=
CecmcbDyi8kcnk/zVEFxIUgQO5kfVteed2jYcQ0gxcohj6zSwJTPHTfE45vZObHr94qYz2sToBOj4+7ZA7Nm
5kg9+I1oVELFGNSXbUEyIg2ayGwg29x326iAJqzI41ugPewEU/aAPMEIaYLdzra/7UY7uw2y9+HTBrNl
xl3kw1Kxkw48J51QYXzRCGpwCP+JUWIRAX8ofQva+Do5UDnVS3ib8CNkZJaBmc6Id4/wt80nf/tdX4zvmq1G9ITFSxDq675rZmWQ9LHNj/jkmdDplR0ErinF8w4pktolOmBxVkUET1mbS9/Fx/p4y4J5bPRzZsAsIbRoMj3e9i/NtrvLLSI38bO2s9U=
UmPaILOa4ei89vlPZNOc3l8vJQJ2QMz4qPEVPPt3C0GYGU+3KcWHRLOrhrr5aYT4qs8gY/JrTPyagIJi1Wo+kz3YvPISICZQMXsyWylaMriU97q4B782Y5uTHV6ktPvJ29fzo8A96L+graXMelyypCmxIZxlV+dYB+cxEs7jjaOmXzU7yLW1s9A=
UmPaILOa4ei89vlPZNOc3l8vJQJ2QMz4qPEVPPt3C0GYGU+3KcWHRLOrhrr5aYT4qs8gY/JrTPyagIJi1Wo+kz3YvPISICZQMXsyWylaMriU97q4B782Y5uTHV6ktPvJ29fzo8A96L+graXMelyypCmxIZxlV+dYB+cxEs7jjaOmXzU7yLW1s9A=
UmPaILOa4ei89vlPZNOc3l8vJQJ2QMz4qPEVPPt3C0GYGU+3KcWHRLOrhrr5aYT4qs8gY/JrTPyagIJi1Wo+kz3YvPISICZQMXsyWylaMriU97q4B782Y5uTHV6ktPvJ29fzo8A96L+graXMelyypCmxIZxlV+dYB+cxEs7jjaOmXzU7yLW1s9A=
UmPaILOa4ei89vlPZNOc3l8vJQJ2QMz4qPEVPPt3C0GYGU+3KcWHRLOrhrr5aYT4qs8gY/JrTPyagIJi1Wo+kz3YvPISICZQMXsyWylaMriU97q4B782Y5uTHV6ktPvJ29fzo8A96L+graXMelyypCmxIZxlV+dYB+cxEs7jjaOmXzU7yLW1s9A=
UmPaILOa4ei89vlPZNOc3l8vJQJ2QMz4qPEVPPt3C0GYGU+3KcWHRLOrhrr5aYT4qs8gY/JrTPyagIJi1Wo+kz3YvPISICZQMXsyWylaMriU97q4B782Y5uTHV6ktPvJ29fzo8A96L+graXMelyypCmxIZxlV+dYB+cxEs7jjaOmXzU7yLW1s9A=
G/h/dikedxkd5KllE2Ey2fnop4oIwpAvQ20vxhsv3Bg0Av4+t+E5hHh1R4ak6PB4U3N6TBsaDqiR0sMAgn0wIij67WKcqLAfHRBUOoAzTvq7oU7Y/gkMaOsykAApmyqOhGpG4+Wymxf1tqcde1KzKQ==
0R2Ifi2iKsefPg5za5L1J0BY57EaGfju69qE7H6N0/6l2Ic8qKxC2ru8UZVJNOLfIxsoz6PK2ERMTFwNekdZbx9lGI0Z1eXx2lgM1ykvIA4GczIQ/i1tory2KK+aZUygO8pwqJkDqgYU0uYLFWpbX6XOxzVLSrMh
Tqx/RE125IL0XEd/YBkbi/1sPNsSDvzDmmqNzO6n17s1vl+yx5GbdfQ3X7rqEcTkNmUJGAkWOyhc1Pzxiv2KhCSvRnWMUN+IVrek2JuUzJ6JmE4NDwZh/F5UvoTleYUM4c8wmtv+NQIqK0FDKtfRywxNSbMs
E5h42MZSLsDjRYVhRWqBBbdENzzUU1bMxmkh2Q8SFiNiulUMVheP213O1zJPITPVLMenejLB/MQedQEYAQYTCGQEJDFyDVIkjB/O9QQgt+gOBxwYQ0Q0fmGIRg0HFgmcJgTmxF3JXewJP7gaU06donJbOQNyh+nrJF1BsyQ=
SqqdQq8mJfiqhi/G1mJURxJCnBRgd5Q9WaTFKVrWRVt6ayjuB1wEQyVz92p1ku2FmX2GUzXqoFV2TJTxg5iDgpmA7pC2oeCZ+Iwmu2xVpoQdQKRTTkgREH42K8wETUVSQ9RsULSUD513xCMbmjpxareKWE8rE2CT4+MuWUOzJg==
THTeSkc/mvRfeNxlyeBror9Z2zFtl0ZGRQtAnn8cXBON00/a/RJldWGdboPtKphlXmyM4YuYi5KBoMagjmE4SRBs3kvk1S40peAMAxYIaWAWVjPcDE1NQls0hKBMVNdN32SbqxK6+RrP6jAfc1NYo8vDNklLsy4=
Ed6UKMH/2xlnI0QRwr3ghQtR7bZKDf318szXq2SWxOul2Ic8qKxC2ru8UZVJNOLfIxsoz6PK2ERMTFwNekdZbx9lGI0Z1eXx2lgM1ykvIA4GczIQ/i1tory2KK+aZUygO8pwqJkDqgYU0uYLFWpbX6XOxzVLSrMh
7dAQAH3rjJ1YR4rUbef4r79Zxj1rhV1PdQtAnn8cXBON00/a/RJldWGdboPtKphlXmyM4YuYi5KBoMagjmE4SRBs3kvk1S40peAMAxYIaWAWVjPcDE1NQls0hKBMVNdN32SbqxK6+RrP6jAfc1NYo8vDNklLsy4=
SFtmXnlgXoQ8BMutu/6HY3tAobBg9IKBYPinXjPXgEWnp4CT1hL5rPq/24sJlotyE3lnhXivyxpeqYi0ag19GH1+Z3gQbEhRHmUGdNhHkrVYeOO4Wq+wuO/sgM7VMPqNu669LJKsSmTxYYk83edk2o+WSXKms9Xjnm8dG9ClvbPY
++sSZENX9TPe7ZlBDKFHHRYP4I+KNwC04x/W2PH7tHbjvOC72YM7orFSKU1VTbprEcqETWpcmPmHmIeKlZDyiJKBxKHEvOpzqJViTNGwWKuqqPWI4qanRIDNwdrPRPDI0PRr5Qu0b1PeejUi+7pkdw8zRIv/8yJRR7Mi
AsCLi9slmsQyaL4VZdi1gBcG/ZiMNEmmsxHK0vS6gDjvpuiu2YM7orFSKU1VTbprEcqETWpcmPmHmIeKlZDyiJKBxKHEvOpzqJViTNGwWKuqqPWI4qanRIDNwdrPRPDI0PRr5Qu0b1PeejUi+7pkdw8zRIv/8yJRR7Mi
tKy8Fj+jG0e4BszTXsVeYtG70I+EsA6KxURPr7Y22NeMyQs5SvgaglyK33QIqlWVytwAnG75KQzr1eHQH5cnfLMb
wmmU1If2OVPzniwcUSOFpzT2+FW7pmre2fVRTaACL1wk9Ctly7Qv0x56daI7uqT3TzOEC7/z4tEHs2I=
56tT9YSgYS2WxT+koG4iCIYgOMJxdxrhIlhu8h+NTGC7inBoGUOqRpQS5kuVqlufJY7H9csKs2E=
ooPP8HIuJrIQ83zMBi1lyvnop4oIwpAvQ20vxhsv3Bg0Av4+t+E5hHh1R4ak6PB4U3N6TBsaDqiR0sMAgn0wIij67WKcqLAfHRBUOoAzTvq7oU7Y/gkMaOsykAApnyqOhGpG4+Wymxf1tqcde1KzKQ==
O1gbS+5qtEYt4wf7aEp4tUBY57EaGfju69qE7H6N0/6l2Ic8qKxC2ru8UZVJNOLfIxsoz6PK2ERMTFwNekdZbx9lGI0Z1eXx2lgM1ykvIA4GczIQ/i1tory2KK+aZUygO8pwqJkHqgYU0uYLFWpbX6XOxzVLSrMh
BL+TWXKRpyUIyjuicjZ3rP1sPNsSDvzDmmqNzO6n17s1vl+yx5GbdfQ3X7rqEcTkNmUJGAkWOyhc1Pzxiv2KhCSvRnWMUN+IVrek2JuUzJ6JmE4NDwZh/F5UvoTleYUM4c80mtv+NQIqK0FDKtfRywxNSbMs
rmWZs/VZu0dur6MnYVi8LrdENzzUU1bMxmkh2Q8SFiNiulUMVheP213O1zJPITPVLMenejLB/MQedQEYAQYTCGQEJDFyDVIkjB/O9QQgt+gOBxwYQ0Q0fmGIRg0HFgmcJgTmxF3JXewJP7waU06donJbOQNyh+nrJF1BsyQ=
63FxP1Yyl455L3gPGp6zmBJCnBRgd5Q9WaTFKVrWRVt6ayjuB1wEQyVz92p1ku2FmX2GUzXqoFV2TJTxg5iDgpmA7pC2oeCZ+Iwmu2xVpoQdQKRTTkgREH42K8wETUVSQ9RsULSUD513xCMbnjpxareKWE8rE2CT4+MuWUOzJg==
LN56b2XXO5RYLpbBaHqGGL9Z2zFtl0ZGRQtAnn8cXBON00/a/RJldWGdboPtKphlXmyM4YuYi5KBoMagjmE4SRBs3kvk1S40peAMAxYIaWAWVjPcDE1NQls0hKBMVNdN32Sbqxa6+RrP6jAfc1NYo8vDNklLsy4=
4V9gjvnLKnincbJZxyXfiQtR7bZKDf318szXq2SWxOul2Ic8qKxC2ru8UZVJNOLfIxsoz6PK2ERMTFwNekdZbx9lGI0Z1eXx2lgM1ykvIA4GczIQ/i1tory2KK+aZUygO8pwqJkHqgYU0uYLFWpbX6XOxzVLSrMh
GV/dXj9qiMv7WuD95J4/bb9Zxj1rhV1PdQtAnn8cXBON00/a/RJldWGdboPtKphlXmyM4YuYi5KBoMagjmE4SRBs3kvk1S40peAMAxYIaWAWVjPcDE1NQls0hKBMVNdN32Sbqxa6+RrP6jAfc1NYo8vDNklLsy4=
+TuuROdj6BB8WS2uzRMdmXtAobBg9IKBYPinXjPXgEWnp4CT1hL5rPq/24sJlotyE3lnhXivyxpeqYi0ag19GH1+Z3gQbEhRHmUGdNhHkrVYeOO4Wq+wuO/sgM7VMPqNu669LJKsSmTxYYk83edg2o+WSXKms9Xjnm8dG9ClvbPY
JCoRvvhBirMPFQRf7qOdoBYP4I+KNwC04x/W2PH7tHbjvOC72YM7orFSKU1VTbprEcqETWpcmPmHmIeKlZDyiJKBxKHEvOpzqJViTNGwWKuqqPWI4qanRIDNwdrPRPDI0PRr5Qu0b1PaejUi+7pkdw8zRIv/8yJRR7Mi
/A/MxKFQPavAYDuC9c3onRcG/ZiMNEmmsxHK0vS6gDjvpuiu2YM7orFSKU1VTbprEcqETWpcmPmHmIeKlZDyiJKBxKHEvOpzqJViTNGwWKuqqPWI4qanRIDNwdrPRPDI0PRr5Qu0b1PaejUi+7pkdw8zRIv/8yJRR7Mi
CRqelN7WZOBlNnoUCm1sfjT2+FW7pmre2fVRTaACL1wk9Ctly7Qv0xp6daI7uqT3TzOEC7/z4tEHs2I=
rnkd83AwYiNCg+9/0vgbn4YgOMJxdxrhIlhu8h+NTGC7inBoGUeqRpQS5kuVqlufJY7H9csKs2E=
MyF7PbslM5WHmADRs1tr+dG70I+EsA6KxURPr7Y22NeMyQs5SvgaglyK33QIqlWRytwAnG75KQzr1eHQH5cnfLMb
AImTF0bIXLNy0q7lFvV8Y1qx+kifPJNZyHKlMnTwpCs591BZNwyE/dZyuDP8LnegWH4dU4kYSEg+LQEoy/HJxA+DL3izHw==
kkXceyGetliV7+kx+SsHhEk//dh9S5m9HI9UWBoMYcpdbX/3rXkj6bf0KGtzBOAogHTbBTv037MMeWWCC/oUV/+zFKvvM7Ixd7MS
ieGdAi6bJI6ZoQkldigizDT2+FW7pmre2fVRTaACL1wk9Ctly7Qv0xx5daI7uqT3TzOEC7/z4tEHs2I=
Owa5409e9erycuQhd5O/M4YgOMJxdxrhIlhu8h+NTGC7inBoGUGpRpQS5kuVqlufJY7H9csKs2E=
ieGdAi6bJI6ZoQkldigizDT2+FW7pmre2fVRTaACL1wk9Ctly7Qv0xx5daI7uqT3TzOEC7/z4tEHs2I=
Owa5409e9erycuQhd5O/M4YgOMJxdxrhIlhu8h+NTGC7inBoGUGpRpQS5kuVqlufJY7H9csKs2E=
89B2F3wuWVIKE+gMB9M6OHM1mRjFp93noeDaZE02kZyGhEg/f/eJC6qevwaHPwDAybzEWmB9AfUsh/dWcHt+oPQd7CSTlgCcge1pYpxuNt8tZjubTVJ3QRNmswU=
hN7iHxfJKCO7uvFaK2TFPwNa5PIeq3ADdE8tZlrmybgZBhoS2M3LiTHhBvgfpOOR6Hq1CjQINKPZv2BBNxS0tTb6KMu8FmeoeLZtywmAuAAeJREQC4lZTG9LH2CzBw==
8QzgQDMXrIQet1vciDYgkyppy9cvmVEZQ08tZlrmybgZBhoS2M3LiTHhBvgfpOOR6Hq1CjQINKPZv2BBNxS0tTb6KMu8FmeoeLZtywmAuAAeJREQC4lZTG9LH2CzBw==
ZiLVjTrsFuvOpJlYs+wm7xd+YCxRRiViWuLBrAkSMvb4qeNdYbXOPF9gK8W4rh1ulOycN0kr6MW3kDwhpm6ALxxyz3wo4qUPSURwVE7xOXQrbXFYf18XZLMD
TmyJKkaKJrn8lQANmyOqa/aEJ1eNrSoBhh6IHc/VDwesVF1eWt65kPkuSkoYFZvhkQm2gJ9cU/lIkmVSdNDki7mXkHk3LESdVtL4E/xOt0DY3t0zifgI6L5NQcjL0Qlkj2NvWLM/
ylH0ggGr14SRfXUV3BTYKTfV4vL36NM2V8nVOpp5U2epHx8aHX/Ntemwg0BOVRSlRuRRb28l1JRFTytcOzqu3ahyWBdPYmB6teI6BHXZVcwx70KZ6x7lwnpL0cPaN2GLfG1Zszw=
PVAiicmoMhMHhsAgzpzAAs74Ak0Pv2iwEo9IPLacKMzf0tFbdAoxqeO+h5oHUyKTn2U/y9anwDLgWEkoAQj9yFv+1CcVXtiDkhEsnOMu4CTxVena7NbWZ13e+6M9apd5Y16zPQ==
llXvBOgCEQc5n2L3unplW+3Gqw31jDM+uon+BXMQWs7wtWUvJQdpky/bDlCkP+wtk6yVAxsnDAn68zVKXpu4hRL0S6VrNI+T/3lVYls6xDdvM2RLX3NCEWezAg==
iW3CPINM9FdU0xk41GLEaS/O4PUwNKDVFRghuAix0xWynNv7vPYnCPjWregJoPjgnoXRcAupGazv698As2c=
iW3CPINM9FdU0xk41GLEaS/O4PUwNKDVFRghuAix0xWynNv7vPYnCPjWregJoPjgnoXRcAupGazv698As2c=
CI6oC2v8b2V6cdbOoRjUnbwlOicGazQUM98DRsG9zF4xdvp6QJD+2h3oPRFH2/cfTX02zFYIOx2EUFew5LLWA7ZjeeZy
